****************************** k2-sw ******************************
k2-sw-using a=5000, b=1, c=200, d=20, k=64, m+1=3, x=3.
k2-sw-time  = 0.006722
6400000 element begin check !
6400000 element result is right! Check 2
****************************** k3-sw ******************************
k3-sw-using a=5000, b=1, c=200, d=20, k=64, m+1=4, x=3.
k3-sw-cycle = 92382822, time = 0.046191
3000000 element begin check !
3000000 element result is right! Check 4
****************************** k4-sw ******************************
k4-sw-using a=5000, b=1, c=200, d=20, k=64, m+1=4, x=3.
k4-sw-cycle =105572906, time = 0.052786
3000000 element begin check !
3000000 element result is right! Check 5
Diff of kernel 4 and fused kernel 4: 0.000000
CHK_Diff of kernel 4 and fused kernel 4: 0.000000
****************************** k2-sw ******************************
k2-sw-using a=5000, b=1, c=200, d=20, k=64, m+1=4, x=3.
k2-sw-time  = 0.005844
6400000 element begin check !
6400000 element result is right! Check 2
****************************** k2-sw ******************************
k2-sw-using a=10000, b=1, c=200, d=20, k=64, m+1=4, x=3.
k2-sw-time  = 0.011535
12800000 element begin check !
12800000 element result is right! Check 2
****************************** k2-sw ******************************
k2-sw-using a=30000, b=1, c=200, d=20, k=64, m+1=4, x=3.
k2-sw-time  = 0.034316
38400000 element begin check !
38400000 element result is right! Check 2
****************************** k2-sw ******************************
k2-sw-using a=50000, b=1, c=200, d=20, k=64, m+1=4, x=3.
k2-sw-time  = 0.057109
64000000 element begin check !
64000000 element result is right! Check 2
****************************** k2-sw ******************************
k2-sw-using a=100000, b=1, c=200, d=20, k=64, m+1=4, x=3.
k2-sw-time  = 0.115037
128000000 element begin check !
128000000 element result is right! Check 2
****************************** k2-sw ******************************
k2-sw-using a=5000, b=1, c=200, d=20, k=96, m+1=4, x=3.
k2-sw-time  = 0.009611
9600000 element begin check !
9600000 element result is right! Check 2
****************************** k2-sw ******************************
k2-sw-using a=10000, b=1, c=200, d=20, k=96, m+1=4, x=3.
k2-sw-time  = 0.017060
19200000 element begin check !
19200000 element result is right! Check 2
****************************** k2-sw ******************************
k2-sw-using a=30000, b=1, c=200, d=20, k=96, m+1=4, x=3.
k2-sw-time  = 0.050940
57600000 element begin check !
57600000 element result is right! Check 2
****************************** k2-sw ******************************
k2-sw-using a=50000, b=1, c=200, d=20, k=96, m+1=4, x=3.
k2-sw-time  = 0.084771
96000000 element begin check !
96000000 element result is right! Check 2
****************************** k2-sw ******************************
k2-sw-using a=5000, b=1, c=200, d=20, k=128, m+1=4, x=3.
k2-sw-time  = 0.011412
12800000 element begin check !
12800000 element result is right! Check 2
****************************** k2-sw ******************************
k2-sw-using a=10000, b=1, c=200, d=20, k=128, m+1=4, x=3.
k2-sw-time  = 0.022594
25600000 element begin check !
25600000 element result is right! Check 2
****************************** k2-sw ******************************
k2-sw-using a=30000, b=1, c=200, d=20, k=128, m+1=4, x=3.
k2-sw-time  = 0.067569
76800000 element begin check !
76800000 element result is right! Check 2
****************************** k2-sw ******************************
k2-sw-using a=5000, b=1, c=200, d=20, k=64, m+1=4, x=3.
k2-sw-time  = 0.005847
6400000 element begin check !
6400000 element result is right! Check 2
****************************** k3-sw ******************************
k3-sw-using a=5000, b=1, c=200, d=20, k=64, m+1=4, x=3.
k3-sw-cycle = 92379177, time = 0.046190
3000000 element begin check !
3000000 element result is right! Check 4
****************************** k4-sw ******************************
k4-sw-using a=5000, b=1, c=200, d=20, k=64, m+1=4, x=3.
k4-sw-cycle =105735530, time = 0.052868
3000000 element begin check !
3000000 element result is right! Check 5
Diff of kernel 4 and fused kernel 4: 0.000000
CHK_Diff of kernel 4 and fused kernel 4: 0.000000
****************************** k2-sw ******************************
k2-sw-using a=5000, b=1, c=200, d=20, k=64, m+1=4, x=3.
k2-sw-time  = 0.005874
6400000 element begin check !
6400000 element result is right! Check 2
****************************** k3-sw ******************************
k3-sw-using a=5000, b=1, c=200, d=20, k=64, m+1=4, x=3.
k3-sw-cycle = 92545652, time = 0.046273
3000000 element begin check !
3000000 element result is right! Check 4
****************************** k4-sw ******************************
k4-sw-using a=5000, b=1, c=200, d=20, k=64, m+1=4, x=3.
k4-sw-cycle =105661757, time = 0.052831
3000000 element begin check !
3000000 element result is right! Check 5
Diff of kernel 4 and fused kernel 4: 0.000000
CHK_Diff of kernel 4 and fused kernel 4: 0.000000
****************************** k2-sw ******************************
k2-sw-using a=30, b=1, c=200, d=20, k=64, m+1=4, x=3.
k2-sw-time  = 0.002547
38400 element begin check !
38400 element result is right! Check 2
****************************** k3-sw ******************************
k3-sw-using a=30, b=1, c=200, d=20, k=30, m+1=4, x=3.
k3-sw-cycle = 457191, time = 0.000229
18000 element begin check !
18000 element result is right! Check 4
****************************** k4-sw ******************************
k4-sw-using a=30, b=1, c=200, d=20, k=30, m+1=4, x=3.
k4-sw-cycle =510151, time = 0.000255
18000 element begin check !
18000 element result is right! Check 5
Diff of kernel 4 and fused kernel 4: 0.000000
CHK_Diff of kernel 4 and fused kernel 4: 0.000000
****************************** k2-sw ******************************
k2-sw-using a=30, b=1, c=200, d=20, k=20, m+1=4, x=3.
k2-sw-time  = 0.000588
12000 element begin check !
12000 element result is right! Check 2
****************************** k3-sw ******************************
k3-sw-using a=30, b=1, c=200, d=20, k=20, m+1=4, x=3.
k3-sw-cycle = 371582, time = 0.000186
18000 element begin check !
18000 element result is right! Check 4
****************************** k4-sw ******************************
k4-sw-using a=30, b=1, c=200, d=20, k=20, m+1=4, x=3.
k4-sw-cycle =412889, time = 0.000206
18000 element begin check !
18000 element result is right! Check 5
Diff of kernel 4 and fused kernel 4: 0.000000
CHK_Diff of kernel 4 and fused kernel 4: 0.000000
****************************** k2-sw ******************************
k2-sw-using a=30, b=1, c=200, d=20, k=20, m+1=4, x=3.
k2-sw-time  = 0.003308
12000 element begin check !
12000 element result is right! Check 2
****************************** k3-sw ******************************
k3-sw-using a=30, b=1, c=200, d=20, k=20, m+1=4, x=3.
k3-sw-cycle = 367353, time = 0.000184
18000 element begin check !
18000 element result is right! Check 4
****************************** k4-sw ******************************
k4-sw-using a=30, b=1, c=200, d=20, k=20, m+1=4, x=3.
k4-sw-cycle =423078, time = 0.000212
18000 element begin check !
18000 element result is right! Check 5
Diff of kernel 4 and fused kernel 4: 0.000000
CHK_Diff of kernel 4 and fused kernel 4: 0.000000
****************************** k2-sw ******************************
k2-sw-using a=30, b=1, c=200, d=20, k=20, m+1=4, x=3.
k2-sw-time  = 0.000586
12000 element begin check !
12000 element result is right! Check 2
****************************** k3-sw ******************************
k3-sw-using a=30, b=1, c=200, d=20, k=20, m+1=4, x=3.
k3-sw-cycle = 356736, time = 0.000178
18000 element begin check !
18000 element result is right! Check 4
****************************** k4-sw ******************************
k4-sw-using a=30, b=1, c=200, d=20, k=20, m+1=4, x=3.
k4-sw-cycle =423723, time = 0.000212
18000 element begin check !
18000 element result is right! Check 5
Diff of kernel 4 and fused kernel 4: 0.000000
CHK_Diff of kernel 4 and fused kernel 4: 0.000000
****************************** k2-sw ******************************
k2-sw-using a=30, b=1, c=200, d=20, k=20, m+1=4, x=3.
k2-sw-time  = 0.001563
12000 element begin check !
12000 element result is right! Check 2
****************************** k3-sw ******************************
k3-sw-using a=30, b=1, c=200, d=20, k=20, m+1=4, x=3.
k3-sw-cycle = 354706, time = 0.000177
18000 element begin check !
18000 element result is right! Check 4
****************************** k4-sw ******************************
k4-sw-using a=30, b=1, c=200, d=20, k=20, m+1=4, x=3.
k4-sw-cycle =423753, time = 0.000212
18000 element begin check !
18000 element result is right! Check 5
Diff of kernel 4 and fused kernel 4: 0.000000
CHK_Diff of kernel 4 and fused kernel 4: 0.000000
============================check---P,S==========================
12000 element begin check !
12000 element result is right!
============================check---Q,G==========================
2400 element begin check !
2400 element result is right!
============================check-slave--Q,G==========================
2400 element begin check !
2400 element result is right!
All time of kernel1, xmath=0.005378,master=0.013094,slave=0.000143
****************************** k2-sw ******************************
k2-sw-using a=30, b=1, c=200, d=20, k=20, m+1=4, x=3.
k2-sw-time  = 0.000602
12000 element begin check !
12000 element result is right! Check 2
****************************** k3-sw ******************************
k3-sw-using a=30, b=1, c=200, d=20, k=20, m+1=4, x=3.
k3-sw-cycle = 356788, time = 0.000178
18000 element begin check !
18000 element result is right! Check 4
****************************** k4-sw ******************************
k4-sw-using a=30, b=1, c=200, d=20, k=20, m+1=4, x=3.
k4-sw-cycle =414997, time = 0.000207
18000 element begin check !
18000 element result is right! Check 5
Diff of kernel 4 and fused kernel 4: 0.000000
CHK_Diff of kernel 4 and fused kernel 4: 0.000000
****************************** k1-sw ******************************
k1-sw-using a=30, b=1, c=200, d=20, k=20, m+1=4, x=3.
============================check---P,S==========================
12000 element begin check !
12000 element result is right!
============================check---Q,G==========================
2400 element begin check !
2400 element result is right!
============================check-slave--Q,G==========================
2400 element begin check !
2400 element result is right!
All time of kernel1, xmath=0.005353,master=0.013112,slave=0.000146
****************************** k2-sw ******************************
k2-sw-using a=30, b=1, c=200, d=20, k=20, m+1=4, x=3.
k2-sw-time  = 0.000588
12000 element begin check !
12000 element result is right! Check 2
****************************** k3-sw ******************************
k3-sw-using a=30, b=1, c=200, d=20, k=20, m+1=4, x=3.
k3-sw-cycle = 368041, time = 0.000184
18000 element begin check !
18000 element result is right! Check 4
****************************** k4-sw ******************************
k4-sw-using a=30, b=1, c=200, d=20, k=20, m+1=4, x=3.
k4-sw-cycle =408608, time = 0.000204
18000 element begin check !
18000 element result is right! Check 5
Diff of kernel 4 and fused kernel 4: 0.000000
CHK_Diff of kernel 4 and fused kernel 4: 0.000000
****************************** k1-sw ******************************
k1-sw-using a=30, b=1, c=200, d=20, k=20, m+1=4, x=3.
============================check---P,S==========================
12000 element begin check !
12000 element result is right!
============================check---G==========================
2400 element begin check !
2400 element result is right!
============================check-slave--G==========================
2400 element begin check !
2400 element result is right!
All time of kernel1, xmath=0.005327,master=0.013116,slave=0.000147
****************************** k2-sw ******************************
k2-sw-using a=30, b=1, c=200, d=20, k=20, m+1=4, x=3.
k2-sw-time  = 0.000605
12000 element begin check !
12000 element result is right! Check 2
****************************** k3-sw ******************************
k3-sw-using a=30, b=1, c=200, d=20, k=20, m+1=4, x=3.
k3-sw-cycle = 359837, time = 0.000180
18000 element begin check !
18000 element result is right! Check 4
****************************** k4-sw ******************************
k4-sw-using a=30, b=1, c=200, d=20, k=20, m+1=4, x=3.
k4-sw-cycle =409452, time = 0.000205
18000 element begin check !
18000 element result is right! Check 5
Diff of kernel 4 and fused kernel 4: 0.000000
CHK_Diff of kernel 4 and fused kernel 4: 0.000000
./kernel1_main: invalid option -- 'd'
Unsupported argument d, using defualt configuration.
./kernel1_main: invalid option -- '2'
Unsupported argument 2, using defualt configuration.
./kernel1_main: invalid option -- '0'
Unsupported argument 0, using defualt configuration.
[6679 ## 2023-03-13/15:56:28] receive request of kill job(Crtl`C).
[6679 ## 2023-03-13/15:56:28] receive request of kill job(Crtl`C).
[6679 ## 2023-03-13/15:56:28] receive request of kill job(Crtl`C).
[6679 ## 2023-03-13/15:56:31] receive request of kill job(Crtl`C).
****************************** k1-sw ******************************
k1-sw-using a=5000, b=1, c=200, d=20, k=64, m+1=4, x=3.
============================check---P,S==========================
6400000 element begin check !
6400000 element result is right!
============================check---G==========================
1280000 element begin check !
1280000 element result is right!
============================check-slave--G==========================
1280000 element begin check !
1280000 element result is right!
All time of kernel1, xmath=0.917790,master=5.527828,slave=0.030321
****************************** k2-sw ******************************
k2-sw-using a=5000, b=1, c=200, d=20, k=64, m+1=4, x=3.
k2-sw-time  = 0.005868
6400000 element begin check !
6400000 element result is right! Check 2
****************************** k3-sw ******************************
k3-sw-using a=5000, b=1, c=200, d=20, k=64, m+1=4, x=3.
k3-sw-cycle = 92643283, time = 0.046322
3000000 element begin check !
3000000 element result is right! Check 4
****************************** k4-sw ******************************
k4-sw-using a=5000, b=1, c=200, d=20, k=64, m+1=4, x=3.
k4-sw-cycle =105714018, time = 0.052857
3000000 element begin check !
3000000 element result is right! Check 5
Diff of kernel 4 and fused kernel 4: 0.000000
CHK_Diff of kernel 4 and fused kernel 4: 0.000000
****************************** k1-sw ******************************
k1-sw-using a=5000, b=1, c=200, d=20, k=64, m+1=4, x=3.
============================check---P,S==========================
6400000 element begin check !
6400000 element result is right!
============================check---G==========================
1280000 element begin check !
1280000 element result is right!
============================check-slave--G==========================
1280000 element begin check !
1280000 element result is right!
All time of kernel1, xmath=0.916021,master=5.531149,slave=0.030333
****************************** k2-sw ******************************
k2-sw-using a=5000, b=1, c=200, d=20, k=64, m+1=4, x=3.
k2-sw-time  = 0.005863
6400000 element begin check !
6400000 element result is right! Check 2
****************************** k3-sw ******************************
k3-sw-using a=5000, b=1, c=200, d=20, k=64, m+1=4, x=3.
k3-sw-cycle = 92517106, time = 0.046259
3000000 element begin check !
3000000 element result is right! Check 4
****************************** k4-sw ******************************
k4-sw-using a=5000, b=1, c=200, d=20, k=64, m+1=4, x=3.
k4-sw-cycle =105858182, time = 0.052929
3000000 element begin check !
3000000 element result is right! Check 5
Diff of kernel 4 and fused kernel 4: 0.000000
CHK_Diff of kernel 4 and fused kernel 4: 0.000000
****************************** k1-sw ******************************
k1-sw-using a=5000, b=1, c=200, d=20, k=64, m+1=4, x=3.
============================check---P,S==========================
6400000 element begin check !
6400000 element result is right!
============================check---G==========================
1280000 element begin check !
1280000 element result is right!
============================check-slave--G==========================
1280000 element begin check !
1280000 element result is right!
All time of kernel1, xmath=0.901151,master=5.527523,slave=0.030343
****************************** k2-sw ******************************
k2-sw-using a=5000, b=1, c=200, d=20, k=64, m+1=4, x=3.
k2-sw-time  = 0.005859
6400000 element begin check !
6400000 element result is right! Check 2
[6813 ## 2023-03-14/17:43:45] receive request of kill job(Crtl`C).
[6813 ## 2023-03-14/17:43:45] receive request of kill job(Crtl`C).
[6813 ## 2023-03-14/17:43:45] receive request of kill job(Crtl`C).
[6813 ## 2023-03-14/17:43:48] receive request of kill job(Crtl`C).
****************************** k1-sw ******************************
k1-sw-using a=500, b=1, c=200, d=20, k=64, m+1=4, x=3.
============================check---P,S==========================
640000 element begin check !
640000 element result is right!
============================check---G==========================
128000 element begin check !
128000 element result is right!
============================check-slave--G==========================
128000 element begin check !
128000 element result is right!
All time of kernel1, xmath=0.090492,master=0.552632,slave=0.003112
****************************** k2-sw ******************************
k2-sw-using a=500, b=1, c=200, d=20, k=64, m+1=4, x=3.
k2-sw-time  = 0.000738
640000 element begin check !
640000 element result is right! Check 2
****************************** k3-sw ******************************
k3-sw-using a=500, b=1, c=200, d=20, k=64, m+1=4, x=3.
k3-sw-cycle = 9378962, time = 0.004689
300000 element begin check !
300000 element result is right! Check 4
****************************** k4-sw ******************************
k4-sw-using a=500, b=1, c=200, d=20, k=64, m+1=4, x=3.
k4-sw-cycle =10708617, time = 0.005354
300000 element begin check !
300000 element result is right! Check 5
Diff of kernel 4 and fused kernel 4: 0.000000
CHK_Diff of kernel 4 and fused kernel 4: 0.000000
****************************** k1-sw ******************************
k1-sw-using a=500, b=1, c=200, d=20, k=64, m+1=4, x=3.
============================check---P,S==========================
640000 element begin check !
640000 element result is right!
============================check---G==========================
128000 element begin check !
128000 element result is right!
============================check-slave--G==========================
128000 element begin check !
128000 element result is right!
All time of kernel1, xmath=0.090132,master=0.552444,slave=0.003113
****************************** k2-sw ******************************
k2-sw-using a=500, b=1, c=200, d=20, k=64, m+1=4, x=3.
k2-sw-time  = 0.000731
640000 element begin check !
640000 element result is right! Check 2
****************************** k3-sw ******************************
k3-sw-using a=500, b=1, c=200, d=20, k=64, m+1=4, x=3.
k3-sw-cycle = 9350147, time = 0.004675
300000 element begin check !
300000 element result is right! Check 4
****************************** k4-sw ******************************
k4-sw-using a=500, b=1, c=200, d=20, k=64, m+1=4, x=3.
k4-sw-cycle =10706829, time = 0.005353
300000 element begin check !
300000 element result is right! Check 5
Diff of kernel 4 and fused kernel 4: 0.000000
CHK_Diff of kernel 4 and fused kernel 4: 0.000000
****************************** k1-sw ******************************
k1-sw-using a=500, b=1, c=200, d=20, k=64, m+1=4, x=3.
============================check---P,S==========================
640000 element begin check !
640000 element result is right!
============================check---G==========================
128000 element begin check !
128000 element result is right!
============================check-slave--G==========================
128000 element begin check !
128000 element result is right!
All time of kernel1, xmath=0.091146,master=0.552460,slave=0.003115
****************************** k2-sw ******************************
k2-sw-using a=500, b=1, c=200, d=20, k=64, m+1=4, x=3.
k2-sw-time  = 0.000731
640000 element begin check !
640000 element result is right! Check 2
****************************** k3-sw ******************************
k3-sw-using a=500, b=1, c=200, d=20, k=64, m+1=4, x=3.
k3-sw-cycle = 9399464, time = 0.004700
300000 element begin check !
300000 element result is right! Check 4
****************************** k4-sw ******************************
k4-sw-using a=500, b=1, c=200, d=20, k=64, m+1=4, x=3.
k4-sw-cycle =10704341, time = 0.005352
300000 element begin check !
300000 element result is right! Check 5
Diff of kernel 4 and fused kernel 4: 0.000000
CHK_Diff of kernel 4 and fused kernel 4: 0.000000
****************************** k1-sw ******************************
k1-sw-using a=500, b=1, c=200, d=20, k=64, m+1=4, x=3.
============================check---P,S==========================
640000 element begin check !
640000 element result is right!
============================check---G==========================
128000 element begin check !
128000 element result is right!
============================check-slave--G==========================
128000 element begin check !
128000 element result is right!
All time of kernel1, xmath=0.090775,master=0.552465,slave=0.003116
****************************** k2-sw ******************************
k2-sw-using a=500, b=1, c=200, d=20, k=64, m+1=4, x=3.
k2-sw-time  = 0.000738
640000 element begin check !
640000 element result is right! Check 2
****************************** k3-sw ******************************
k3-sw-using a=500, b=1, c=200, d=20, k=64, m+1=4, x=3.
k3-sw-cycle = 9404392, time = 0.004702
300000 element begin check !
300000 element result is right! Check 4
****************************** k4-sw ******************************
k4-sw-using a=500, b=1, c=200, d=20, k=64, m+1=4, x=3.
k4-sw-cycle =10712641, time = 0.005356
300000 element begin check !
300000 element result is right! Check 5
Diff of kernel 4 and fused kernel 4: 0.000000
CHK_Diff of kernel 4 and fused kernel 4: 0.000000
****************************** k1-sw ******************************
k1-sw-using a=500, b=1, c=200, d=20, k=64, m+1=4, x=3.
[6856 ## 2023-03-16/15:39:35] receive request of kill job(Crtl`C).
[6856 ## 2023-03-16/15:39:36] receive request of kill job(Crtl`C).
[6856 ## 2023-03-16/15:39:39] receive request of kill job(Crtl`C).
****************************** k1-sw ******************************
k1-sw-using a=500, b=1, c=200, d=20, k=64, m+1=4, x=3.
============================check---P,S==========================
640000 element begin check !
640000 element result is right!
============================check---G==========================
128000 element begin check !
128000 element result is right!
============================check-slave--P==========================
640000 element begin check !
20 element result is wrong!
ERR_CHK[20]=     -0.000000000000
ERR_ORI[20]=   2365.233113557374
============================check-slave--G==========================
128000 element begin check !
128000 element result is right!
All time of kernel1, xmath=0.091467,master=0.552414,slave=0.003516
****************************** k2-sw ******************************
k2-sw-using a=500, b=1, c=200, d=20, k=64, m+1=4, x=3.
k2-sw-time  = 0.000730
640000 element begin check !
640000 element result is right! Check 2
[6858 ## 2023-03-16/15:46:26] receive request of kill job(Crtl`C).
****************************** k1-sw ******************************
k1-sw-using a=500, b=1, c=200, d=20, k=64, m+1=4, x=3.
============================check---P,S==========================
640000 element begin check !
640000 element result is right!
============================check---G==========================
128000 element begin check !
128000 element result is right!
============================check-slave--P==========================
640000 element begin check !
20 element result is wrong!
ERR_CHK[20]=     -0.000000000000
ERR_ORI[20]=   2175.825255245431
============================check-slave--G==========================
128000 element begin check !
128000 element result is right!
All time of kernel1, xmath=0.092593,master=0.552833,slave=0.003513
****************************** k1-sw ******************************
k1-sw-using a=500, b=1, c=200, d=20, k=64, m+1=4, x=3.
============================check---P,S==========================
640000 element begin check !
640000 element result is right!
[6860 ## 2020-03-14/22:53:49] warning: cpu [27]: user's mpe task: tid= 0, pid= 5844, terminated by sig 11
****************************** k1-sw ******************************
k1-sw-using a=500, b=1, c=200, d=20, k=64, m+1=4, x=3.
============================check---P,S==========================
640000 element begin check !
640000 element result is right!
[6861 ## 2020-03-14/22:54:03] warning: cpu [27]: user's mpe task: tid= 0, pid= 5851, terminated by sig 11
****************************** k1-sw ******************************
k1-sw-using a=500, b=1, c=200, d=20, k=64, m+1=4, x=3.
============================check---P,S==========================
640000 element begin check !
640000 element result is right!
[6862 ## 2020-03-14/22:54:18] warning: cpu [27]: user's mpe task: tid= 0, pid= 5857, terminated by sig 11
[6862 ## 2023-03-16/16:10:27] receive request of kill job(Crtl`C).
****************************** k1-sw ******************************
k1-sw-using a=500, b=1, c=200, d=20, k=64, m+1=4, x=3.
============================check---P,S==========================
640000 element begin check !
640000 element result is right!
[6863 ## 2020-03-14/23:01:24] warning: cpu [27]: user's mpe task: tid= 0, pid= 5887, terminated by sig 11
****************************** k1-sw ******************************
k1-sw-using a=500, b=1, c=200, d=20, k=64, m+1=4, x=3.
============================check---P,S==========================
640000 element begin check !
640000 element result is right!
============================check---G==========================
128000 element begin check !
128000 element result is right!
============================check-slave--P==========================
640000 element begin check !
20 element result is wrong!
ERR_CHK[20]=     -0.000000000000
ERR_ORI[20]=   2581.201636763852
============================check-slave--G==========================
128000 element begin check !
128000 element result is right!
All time of kernel1, xmath=0.091354,master=0.552448,slave=0.003506
****************************** k1-sw ******************************
k1-sw-using a=500, b=1, c=200, d=20, k=64, m+1=4, x=3.
============================check---P,S==========================
640000 element begin check !
640000 element result is right!
============================check---G==========================
128000 element begin check !
128000 element result is right!
============================check-slave--P==========================
640000 element begin check !
640000 element result is right!
============================check-slave--G==========================
128000 element begin check !
128000 element result is right!
All time of kernel1, xmath=0.091135,master=0.552350,slave=0.003517
****************************** k1-sw ******************************
k1-sw-using a=30000, b=1, c=200, d=20, k=64, m+1=4, x=3.
============================check---P,S==========================
38400000 element begin check !
38400000 element result is right!
============================check---G==========================
7680000 element begin check !
7680000 element result is right!
============================check-slave--P==========================
38400000 element begin check !
38400000 element result is right!
============================check-slave--G==========================
7680000 element begin check !
7680000 element result is right!
All time of kernel1, xmath=5.483121,master=33.151272,slave=0.207458
[6867 ## 2023-03-16/16:38:50] receive request of kill job(Crtl`C).
[6867 ## 2023-03-16/16:38:50] receive request of kill job(Crtl`C).
[6867 ## 2023-03-16/16:38:53] receive request of kill job(Crtl`C).
****************************** k1-sw ******************************
k1-sw-using a=10000, b=1, c=200, d=20, k=128, m+1=4, x=3.
============================check---P,S==========================
25600000 element begin check !
25600000 element result is right!
============================check---G==========================
5120000 element begin check !
5120000 element result is right!
============================check-slave--P==========================
25600000 element begin check !
25600000 element result is right!
============================check-slave--G==========================
5120000 element begin check !
5120000 element result is right!
All time of kernel1, xmath=2.154996,master=21.992680,slave=0.146995
****************************** k1-sw ******************************
k1-sw-using a=500, b=1, c=200, d=20, k=64, m+1=4, x=3.
============================check---P,S==========================
640000 element begin check !
640000 element result is right!
============================check---G==========================
128000 element begin check !
128000 element result is right!
============================check-slave--P==========================
640000 element begin check !
640000 element result is right!
============================check-slave--G==========================
128000 element begin check !
128000 element result is right!
All time of kernel1, xmath=0.092346,master=0.552316,slave=0.003513
****************************** k2-sw ******************************
k2-sw-using a=500, b=1, c=200, d=20, k=64, m+1=4, x=3.
k2-sw-time  = 0.000738
640000 element begin check !
640000 element result is right! Check 2
****************************** k3-sw ******************************
k3-sw-using a=500, b=1, c=200, d=20, k=64, m+1=4, x=3.
k3-sw-cycle = 9433559, time = 0.004717
300000 element begin check !
300000 element result is right! Check 4
****************************** k4-sw ******************************
k4-sw-using a=500, b=1, c=200, d=20, k=64, m+1=4, x=3.
k4-sw-cycle =10726918, time = 0.005363
300000 element begin check !
300000 element result is right! Check 5
Diff of kernel 4 and fused kernel 4: 0.000000
CHK_Diff of kernel 4 and fused kernel 4: 0.000000
****************************** k1-sw ******************************
k1-sw-using a=500, b=1, c=200, d=20, k=64, m+1=4, x=3.
============================check---P,S==========================
640000 element begin check !
640000 element result is right!
============================check---G==========================
128000 element begin check !
128000 element result is right!
============================check-slave--P==========================
640000 element begin check !
0 element result is wrong!
ERR_CHK[0]=      0.000000000000
ERR_ORI[0]=   3026.954191748541
============================check-slave--G==========================
128000 element begin check !
0 element result is wrong!
ERR_CHK[0]=      7.417395938690
ERR_ORI[0]=     55.017762511288
All time of kernel1, xmath=0.094101,master=0.568719,slave=0.003504
****************************** k1-sw ******************************
k1-sw-using a=500, b=1, c=200, d=20, k=64, m+1=4, x=3.
============================check---P,S==========================
640000 element begin check !
640000 element result is right!
============================check---G==========================
128000 element begin check !
128000 element result is right!
============================check-slave--P==========================
640000 element begin check !
640000 element result is right!
============================check-slave--G==========================
128000 element begin check !
128000 element result is right!
All time of kernel1, xmath=0.090721,master=0.560742,slave=0.003520
****************************** k2-sw ******************************
k2-sw-using a=500, b=1, c=200, d=20, k=64, m+1=4, x=3.
k2-sw-time  = 0.000741
640000 element begin check !
640000 element result is right! Check 2
****************************** k3-sw ******************************
k3-sw-using a=500, b=1, c=200, d=20, k=64, m+1=4, x=3.
k3-sw-cycle = 9437713, time = 0.004719
300000 element begin check !
300000 element result is right! Check 4
****************************** k4-sw ******************************
k4-sw-using a=500, b=1, c=200, d=20, k=64, m+1=4, x=3.
k4-sw-cycle =10751797, time = 0.005376
300000 element begin check !
300000 element result is right! Check 5
Diff of kernel 4 and fused kernel 4: 0.000000
CHK_Diff of kernel 4 and fused kernel 4: 0.000000
****************************** k1-sw ******************************
k1-sw-using a=500, b=1, c=200, d=20, k=64, m+1=4, x=3.
============================check---P,S==========================
640000 element begin check !
640000 element result is right!
============================check---G==========================
128000 element begin check !
128000 element result is right!
============================check-slave--P==========================
640000 element begin check !
640000 element result is right!
============================check-slave--G==========================
128000 element begin check !
128000 element result is right!
All time of kernel1, xmath=0.090807,master=0.552487,slave=0.003516
****************************** k1-sw ******************************
k1-sw-using a=500, b=1, c=200, d=20, k=64, m+1=4, x=3.
============================check---P,S==========================
640000 element begin check !
640000 element result is right!
============================check---G==========================
128000 element begin check !
128000 element result is right!
============================check-slave--P==========================
640000 element begin check !
0 element result is wrong!
ERR_CHK[0]=     49.006505321620
ERR_ORI[0]=   2401.637563837985
============================check-slave--G==========================
128000 element begin check !
128000 element result is right!
All time of kernel1, xmath=0.090663,master=0.552542,slave=0.003512
[6900 ## 2023-03-20/10:06:36] receive request of kill job(Crtl`C).
[6900 ## 2023-03-20/10:06:36] receive request of kill job(Crtl`C).
****************************** k1-sw ******************************
k1-sw-using a=500, b=1, c=200, d=20, k=64, m+1=4, x=3.
============================check---P,S==========================
640000 element begin check !
640000 element result is right!
============================check---G==========================
128000 element begin check !
128000 element result is right!
============================check-slave--P==========================
640000 element begin check !
0 element result is wrong!
ERR_CHK[0]=     54.230991807204
ERR_ORI[0]=   2941.000472393036
============================check-slave--G==========================
128000 element begin check !
128000 element result is right!
All time of kernel1, xmath=0.089332,master=0.552494,slave=0.003507
****************************** k1-sw ******************************
k1-sw-using a=500, b=1, c=200, d=20, k=64, m+1=4, x=3.
============================check---P,S==========================
640000 element begin check !
640000 element result is right!
============================check---G==========================
128000 element begin check !
128000 element result is right!
============================check-slave--P==========================
640000 element begin check !
640000 element result is right!
============================check-slave--G==========================
128000 element begin check !
128000 element result is right!
All time of kernel1, xmath=0.089811,master=0.552519,slave=0.003510
****************************** k1-sw ******************************
k1-sw-using a=500, b=1, c=200, d=20, k=64, m+1=4, x=3.
============================check---P,S==========================
640000 element begin check !
640000 element result is right!
============================check---G==========================
128000 element begin check !
128000 element result is right!
============================check-slave--P==========================
640000 element begin check !
640000 element result is right!
============================check-slave--G==========================
128000 element begin check !
128000 element result is right!
All time of kernel1, xmath=0.099583,master=0.560662,slave=0.003511
****************************** k2-sw ******************************
k2-sw-using a=500, b=1, c=200, d=20, k=64, m+1=4, x=3.
k2-sw-time  = 0.000735
640000 element begin check !
640000 element result is right! Check 2
****************************** k3-sw ******************************
k3-sw-using a=500, b=1, c=200, d=20, k=64, m+1=4, x=3.
k3-sw-cycle = 9403948, time = 0.004702
300000 element begin check !
300000 element result is right! Check 4
****************************** k4-sw ******************************
k4-sw-using a=500, b=1, c=200, d=20, k=64, m+1=4, x=3.
k4-sw-cycle =10738226, time = 0.005369
300000 element begin check !
300000 element result is right! Check 5
Diff of kernel 4 and fused kernel 4: 0.000000
CHK_Diff of kernel 4 and fused kernel 4: 0.000000
****************************** k1-sw ******************************
k1-sw-using a=500, b=1, c=200, d=20, k=64, m+1=4, x=3.
============================check---P,S==========================
640000 element begin check !
640000 element result is right!
============================check---G==========================
128000 element begin check !
128000 element result is right!
============================check-slave--P==========================
640000 element begin check !
640000 element result is right!
============================check-slave--G==========================
128000 element begin check !
128000 element result is right!
All time of kernel1, xmath=0.092509,master=0.552418,slave=0.003514
****************************** k2-sw ******************************
k2-sw-using a=500, b=1, c=200, d=20, k=64, m+1=4, x=3.
k2-sw-time  = 0.000733
640000 element begin check !
640000 element result is right! Check 2
****************************** k3-sw ******************************
k3-sw-using a=500, b=1, c=200, d=20, k=64, m+1=4, x=3.
k3-sw-cycle = 9403200, time = 0.004702
300000 element begin check !
300000 element result is right! Check 4
****************************** k4-sw ******************************
k4-sw-using a=500, b=1, c=200, d=20, k=64, m+1=4, x=3.
k4-sw-cycle =10704460, time = 0.005352
300000 element begin check !
300000 element result is right! Check 5
Diff of kernel 4 and fused kernel 4: 0.000000
CHK_Diff of kernel 4 and fused kernel 4: 0.000000
